[2017-01-12T09:48:21,940][INFO ][o.e.c.m.MetaDataCreateIndexService] [hyku] [fish-test-2017-01-12] creating index, cause [auto(bulk api)], templates [], shards [5]/[1], mappings []
[2017-01-12T09:48:23,527][INFO ][o.e.c.m.MetaDataMappingService] [hyku] [fish-test-2017-01-12/v9oL1dIdTO6xlErk4PG8yA] create_mapping [fish-yyyy-MM-dd]
[2017-01-12T13:26:07,625][WARN ][o.e.m.j.JvmGcMonitorService] [hyku] [gc][73433] overhead, spent [526ms] collecting in the last [1s]
[2017-01-12T13:54:53,125][INFO ][o.e.m.j.JvmGcMonitorService] [hyku] [gc][75158] overhead, spent [279ms] collecting in the last [1s]
[2017-01-12T15:52:25,762][INFO ][o.e.m.j.JvmGcMonitorService] [hyku] [gc][82209] overhead, spent [313ms] collecting in the last [1.1s]
[2017-01-12T18:01:03,878][INFO ][o.e.m.j.JvmGcMonitorService] [hyku] [gc][89925] overhead, spent [505ms] collecting in the last [1s]
[2017-01-12T18:38:16,816][WARN ][o.e.m.j.JvmGcMonitorService] [hyku] [gc][92157] overhead, spent [590ms] collecting in the last [1.1s]
[2017-01-12T20:35:40,117][INFO ][o.e.n.Node               ] [hyku] initializing ...
[2017-01-12T20:35:43,270][INFO ][o.e.e.NodeEnvironment    ] [hyku] using [1] data paths, mounts [[/ (/dev/sda1)]], net usable_space [818.3gb], net total_space [909gb], spins? [possibly], types [ext4]
[2017-01-12T20:35:43,270][INFO ][o.e.e.NodeEnvironment    ] [hyku] heap size [1.9gb], compressed ordinary object pointers [true]
[2017-01-12T20:35:43,888][INFO ][o.e.n.Node               ] [hyku] node name [hyku], node ID [1XpL7Mh-RuCaUY_Yy02xTg]
[2017-01-12T20:35:43,983][INFO ][o.e.n.Node               ] [hyku] version[5.1.1], pid[2718], build[5395e21/2016-12-06T12:36:15.409Z], OS[Linux/4.4.0-34-generic/amd64], JVM[Oracle Corporation/Java HotSpot(TM) 64-Bit Server VM/1.8.0_111/25.111-b14]
[2017-01-12T20:35:50,708][INFO ][o.e.p.PluginsService     ] [hyku] loaded module [aggs-matrix-stats]
[2017-01-12T20:35:50,708][INFO ][o.e.p.PluginsService     ] [hyku] loaded module [ingest-common]
[2017-01-12T20:35:50,709][INFO ][o.e.p.PluginsService     ] [hyku] loaded module [lang-expression]
[2017-01-12T20:35:50,709][INFO ][o.e.p.PluginsService     ] [hyku] loaded module [lang-groovy]
[2017-01-12T20:35:50,709][INFO ][o.e.p.PluginsService     ] [hyku] loaded module [lang-mustache]
[2017-01-12T20:35:50,709][INFO ][o.e.p.PluginsService     ] [hyku] loaded module [lang-painless]
[2017-01-12T20:35:50,709][INFO ][o.e.p.PluginsService     ] [hyku] loaded module [percolator]
[2017-01-12T20:35:50,709][INFO ][o.e.p.PluginsService     ] [hyku] loaded module [reindex]
[2017-01-12T20:35:50,709][INFO ][o.e.p.PluginsService     ] [hyku] loaded module [transport-netty3]
[2017-01-12T20:35:50,709][INFO ][o.e.p.PluginsService     ] [hyku] loaded module [transport-netty4]
[2017-01-12T20:35:50,709][INFO ][o.e.p.PluginsService     ] [hyku] no plugins loaded
[2017-01-12T20:36:01,089][INFO ][o.e.n.Node               ] [hyku] initialized
[2017-01-12T20:36:01,089][INFO ][o.e.n.Node               ] [hyku] starting ...
[2017-01-12T20:36:01,661][INFO ][o.e.t.TransportService   ] [hyku] publish_address {10.70.108.96:9300}, bound_addresses {[::]:9300}
[2017-01-12T20:36:01,664][INFO ][o.e.b.BootstrapCheck     ] [hyku] bound or publishing to a non-loopback or non-link-local address, enforcing bootstrap checks
[2017-01-12T20:36:04,945][INFO ][o.e.c.s.ClusterService   ] [hyku] new_master {hyku}{1XpL7Mh-RuCaUY_Yy02xTg}{Q3Zs0YoQSM6uTF3rkfEFkw}{10.70.108.96}{10.70.108.96:9300}, reason: zen-disco-elected-as-master ([0] nodes joined)
[2017-01-12T20:36:05,045][INFO ][o.e.h.HttpServer         ] [hyku] publish_address {10.70.108.96:9200}, bound_addresses {[::]:9200}
[2017-01-12T20:36:05,045][INFO ][o.e.n.Node               ] [hyku] started
[2017-01-12T20:36:06,414][INFO ][o.e.g.GatewayService     ] [hyku] recovered [4] indices into cluster_state
[2017-01-12T20:36:13,166][INFO ][o.e.c.r.a.AllocationService] [hyku] Cluster health status changed from [RED] to [YELLOW] (reason: [shards started [[fish-test-2017-01-10][4], [fish-test-2017-01-10][1]] ...]).
