[2017-01-21T10:49:06,058][INFO ][o.e.n.Node               ] [hyku] initializing ...
[2017-01-21T10:49:06,341][INFO ][o.e.e.NodeEnvironment    ] [hyku] using [1] data paths, mounts [[/ (/dev/sda1)]], net usable_space [818.3gb], net total_space [909gb], spins? [possibly], types [ext4]
[2017-01-21T10:49:06,342][INFO ][o.e.e.NodeEnvironment    ] [hyku] heap size [1.9gb], compressed ordinary object pointers [true]
[2017-01-21T10:49:06,493][INFO ][o.e.n.Node               ] [hyku] node name [hyku], node ID [RGHIeoulTj6TPoxl8HTTWg]
[2017-01-21T10:49:06,512][INFO ][o.e.n.Node               ] [hyku] version[5.1.1], pid[6212], build[5395e21/2016-12-06T12:36:15.409Z], OS[Linux/4.4.0-34-generic/amd64], JVM[Oracle Corporation/Java HotSpot(TM) 64-Bit Server VM/1.8.0_111/25.111-b14]
[2017-01-21T10:49:07,504][ERROR][o.e.b.Bootstrap          ] Exception
java.lang.IllegalArgumentException: Property [elasticsearch.version] is missing for plugin [bigdesk]
	at org.elasticsearch.plugins.PluginInfo.readFromProperties(PluginInfo.java:104) ~[elasticsearch-5.1.1.jar:5.1.1]
	at org.elasticsearch.plugins.PluginsService.getPluginBundles(PluginsService.java:292) ~[elasticsearch-5.1.1.jar:5.1.1]
	at org.elasticsearch.plugins.PluginsService.<init>(PluginsService.java:131) ~[elasticsearch-5.1.1.jar:5.1.1]
	at org.elasticsearch.node.Node.<init>(Node.java:294) ~[elasticsearch-5.1.1.jar:5.1.1]
	at org.elasticsearch.node.Node.<init>(Node.java:229) ~[elasticsearch-5.1.1.jar:5.1.1]
	at org.elasticsearch.bootstrap.Bootstrap$6.<init>(Bootstrap.java:214) ~[elasticsearch-5.1.1.jar:5.1.1]
	at org.elasticsearch.bootstrap.Bootstrap.setup(Bootstrap.java:214) ~[elasticsearch-5.1.1.jar:5.1.1]
	at org.elasticsearch.bootstrap.Bootstrap.init(Bootstrap.java:306) [elasticsearch-5.1.1.jar:5.1.1]
	at org.elasticsearch.bootstrap.Elasticsearch.init(Elasticsearch.java:121) [elasticsearch-5.1.1.jar:5.1.1]
	at org.elasticsearch.bootstrap.Elasticsearch.execute(Elasticsearch.java:112) [elasticsearch-5.1.1.jar:5.1.1]
	at org.elasticsearch.cli.SettingCommand.execute(SettingCommand.java:54) [elasticsearch-5.1.1.jar:5.1.1]
	at org.elasticsearch.cli.Command.mainWithoutErrorHandling(Command.java:96) [elasticsearch-5.1.1.jar:5.1.1]
	at org.elasticsearch.cli.Command.main(Command.java:62) [elasticsearch-5.1.1.jar:5.1.1]
	at org.elasticsearch.bootstrap.Elasticsearch.main(Elasticsearch.java:89) [elasticsearch-5.1.1.jar:5.1.1]
	at org.elasticsearch.bootstrap.Elasticsearch.main(Elasticsearch.java:82) [elasticsearch-5.1.1.jar:5.1.1]
[2017-01-21T10:49:07,508][WARN ][o.e.b.ElasticsearchUncaughtExceptionHandler] [hyku] uncaught exception in thread [main]
org.elasticsearch.bootstrap.StartupException: java.lang.IllegalArgumentException: Property [elasticsearch.version] is missing for plugin [bigdesk]
	at org.elasticsearch.bootstrap.Elasticsearch.init(Elasticsearch.java:125) ~[elasticsearch-5.1.1.jar:5.1.1]
	at org.elasticsearch.bootstrap.Elasticsearch.execute(Elasticsearch.java:112) ~[elasticsearch-5.1.1.jar:5.1.1]
	at org.elasticsearch.cli.SettingCommand.execute(SettingCommand.java:54) ~[elasticsearch-5.1.1.jar:5.1.1]
	at org.elasticsearch.cli.Command.mainWithoutErrorHandling(Command.java:96) ~[elasticsearch-5.1.1.jar:5.1.1]
	at org.elasticsearch.cli.Command.main(Command.java:62) ~[elasticsearch-5.1.1.jar:5.1.1]
	at org.elasticsearch.bootstrap.Elasticsearch.main(Elasticsearch.java:89) ~[elasticsearch-5.1.1.jar:5.1.1]
	at org.elasticsearch.bootstrap.Elasticsearch.main(Elasticsearch.java:82) ~[elasticsearch-5.1.1.jar:5.1.1]
Caused by: java.lang.IllegalArgumentException: Property [elasticsearch.version] is missing for plugin [bigdesk]
	at org.elasticsearch.plugins.PluginInfo.readFromProperties(PluginInfo.java:104) ~[elasticsearch-5.1.1.jar:5.1.1]
	at org.elasticsearch.plugins.PluginsService.getPluginBundles(PluginsService.java:292) ~[elasticsearch-5.1.1.jar:5.1.1]
	at org.elasticsearch.plugins.PluginsService.<init>(PluginsService.java:131) ~[elasticsearch-5.1.1.jar:5.1.1]
	at org.elasticsearch.node.Node.<init>(Node.java:294) ~[elasticsearch-5.1.1.jar:5.1.1]
	at org.elasticsearch.node.Node.<init>(Node.java:229) ~[elasticsearch-5.1.1.jar:5.1.1]
	at org.elasticsearch.bootstrap.Bootstrap$6.<init>(Bootstrap.java:214) ~[elasticsearch-5.1.1.jar:5.1.1]
	at org.elasticsearch.bootstrap.Bootstrap.setup(Bootstrap.java:214) ~[elasticsearch-5.1.1.jar:5.1.1]
	at org.elasticsearch.bootstrap.Bootstrap.init(Bootstrap.java:306) ~[elasticsearch-5.1.1.jar:5.1.1]
	at org.elasticsearch.bootstrap.Elasticsearch.init(Elasticsearch.java:121) ~[elasticsearch-5.1.1.jar:5.1.1]
	... 6 more
[2017-01-21T10:49:47,088][INFO ][o.e.n.Node               ] [hyku] initializing ...
[2017-01-21T10:49:47,202][INFO ][o.e.e.NodeEnvironment    ] [hyku] using [1] data paths, mounts [[/ (/dev/sda1)]], net usable_space [818.4gb], net total_space [909gb], spins? [possibly], types [ext4]
[2017-01-21T10:49:47,202][INFO ][o.e.e.NodeEnvironment    ] [hyku] heap size [1.9gb], compressed ordinary object pointers [true]
[2017-01-21T10:49:47,208][INFO ][o.e.n.Node               ] [hyku] node name [hyku], node ID [RGHIeoulTj6TPoxl8HTTWg]
[2017-01-21T10:49:47,210][INFO ][o.e.n.Node               ] [hyku] version[5.1.1], pid[6261], build[5395e21/2016-12-06T12:36:15.409Z], OS[Linux/4.4.0-34-generic/amd64], JVM[Oracle Corporation/Java HotSpot(TM) 64-Bit Server VM/1.8.0_111/25.111-b14]
[2017-01-21T10:49:47,686][INFO ][o.e.p.PluginsService     ] [hyku] loaded module [aggs-matrix-stats]
[2017-01-21T10:49:47,687][INFO ][o.e.p.PluginsService     ] [hyku] loaded module [ingest-common]
[2017-01-21T10:49:47,687][INFO ][o.e.p.PluginsService     ] [hyku] loaded module [lang-expression]
[2017-01-21T10:49:47,687][INFO ][o.e.p.PluginsService     ] [hyku] loaded module [lang-groovy]
[2017-01-21T10:49:47,687][INFO ][o.e.p.PluginsService     ] [hyku] loaded module [lang-mustache]
[2017-01-21T10:49:47,687][INFO ][o.e.p.PluginsService     ] [hyku] loaded module [lang-painless]
[2017-01-21T10:49:47,687][INFO ][o.e.p.PluginsService     ] [hyku] loaded module [percolator]
[2017-01-21T10:49:47,687][INFO ][o.e.p.PluginsService     ] [hyku] loaded module [reindex]
[2017-01-21T10:49:47,687][INFO ][o.e.p.PluginsService     ] [hyku] loaded module [transport-netty3]
[2017-01-21T10:49:47,687][INFO ][o.e.p.PluginsService     ] [hyku] loaded module [transport-netty4]
[2017-01-21T10:49:47,688][INFO ][o.e.p.PluginsService     ] [hyku] no plugins loaded
[2017-01-21T10:49:48,752][ERROR][o.e.b.Bootstrap          ] Exception
java.lang.IllegalArgumentException: unknown setting [http.jsonp.enable] did you mean [http.cors.enabled]?
	at org.elasticsearch.common.settings.AbstractScopedSettings.validate(AbstractScopedSettings.java:278) ~[elasticsearch-5.1.1.jar:5.1.1]
	at org.elasticsearch.common.settings.AbstractScopedSettings.validate(AbstractScopedSettings.java:246) ~[elasticsearch-5.1.1.jar:5.1.1]
	at org.elasticsearch.common.settings.SettingsModule.<init>(SettingsModule.java:138) ~[elasticsearch-5.1.1.jar:5.1.1]
	at org.elasticsearch.node.Node.<init>(Node.java:325) ~[elasticsearch-5.1.1.jar:5.1.1]
	at org.elasticsearch.node.Node.<init>(Node.java:229) ~[elasticsearch-5.1.1.jar:5.1.1]
	at org.elasticsearch.bootstrap.Bootstrap$6.<init>(Bootstrap.java:214) ~[elasticsearch-5.1.1.jar:5.1.1]
	at org.elasticsearch.bootstrap.Bootstrap.setup(Bootstrap.java:214) ~[elasticsearch-5.1.1.jar:5.1.1]
	at org.elasticsearch.bootstrap.Bootstrap.init(Bootstrap.java:306) [elasticsearch-5.1.1.jar:5.1.1]
	at org.elasticsearch.bootstrap.Elasticsearch.init(Elasticsearch.java:121) [elasticsearch-5.1.1.jar:5.1.1]
	at org.elasticsearch.bootstrap.Elasticsearch.execute(Elasticsearch.java:112) [elasticsearch-5.1.1.jar:5.1.1]
	at org.elasticsearch.cli.SettingCommand.execute(SettingCommand.java:54) [elasticsearch-5.1.1.jar:5.1.1]
	at org.elasticsearch.cli.Command.mainWithoutErrorHandling(Command.java:96) [elasticsearch-5.1.1.jar:5.1.1]
	at org.elasticsearch.cli.Command.main(Command.java:62) [elasticsearch-5.1.1.jar:5.1.1]
	at org.elasticsearch.bootstrap.Elasticsearch.main(Elasticsearch.java:89) [elasticsearch-5.1.1.jar:5.1.1]
	at org.elasticsearch.bootstrap.Elasticsearch.main(Elasticsearch.java:82) [elasticsearch-5.1.1.jar:5.1.1]
[2017-01-21T10:49:48,756][WARN ][o.e.b.ElasticsearchUncaughtExceptionHandler] [hyku] uncaught exception in thread [main]
org.elasticsearch.bootstrap.StartupException: java.lang.IllegalArgumentException: unknown setting [http.jsonp.enable] did you mean [http.cors.enabled]?
	at org.elasticsearch.bootstrap.Elasticsearch.init(Elasticsearch.java:125) ~[elasticsearch-5.1.1.jar:5.1.1]
	at org.elasticsearch.bootstrap.Elasticsearch.execute(Elasticsearch.java:112) ~[elasticsearch-5.1.1.jar:5.1.1]
	at org.elasticsearch.cli.SettingCommand.execute(SettingCommand.java:54) ~[elasticsearch-5.1.1.jar:5.1.1]
	at org.elasticsearch.cli.Command.mainWithoutErrorHandling(Command.java:96) ~[elasticsearch-5.1.1.jar:5.1.1]
	at org.elasticsearch.cli.Command.main(Command.java:62) ~[elasticsearch-5.1.1.jar:5.1.1]
	at org.elasticsearch.bootstrap.Elasticsearch.main(Elasticsearch.java:89) ~[elasticsearch-5.1.1.jar:5.1.1]
	at org.elasticsearch.bootstrap.Elasticsearch.main(Elasticsearch.java:82) ~[elasticsearch-5.1.1.jar:5.1.1]
Caused by: java.lang.IllegalArgumentException: unknown setting [http.jsonp.enable] did you mean [http.cors.enabled]?
	at org.elasticsearch.common.settings.AbstractScopedSettings.validate(AbstractScopedSettings.java:278) ~[elasticsearch-5.1.1.jar:5.1.1]
	at org.elasticsearch.common.settings.AbstractScopedSettings.validate(AbstractScopedSettings.java:246) ~[elasticsearch-5.1.1.jar:5.1.1]
	at org.elasticsearch.common.settings.SettingsModule.<init>(SettingsModule.java:138) ~[elasticsearch-5.1.1.jar:5.1.1]
	at org.elasticsearch.node.Node.<init>(Node.java:325) ~[elasticsearch-5.1.1.jar:5.1.1]
	at org.elasticsearch.node.Node.<init>(Node.java:229) ~[elasticsearch-5.1.1.jar:5.1.1]
	at org.elasticsearch.bootstrap.Bootstrap$6.<init>(Bootstrap.java:214) ~[elasticsearch-5.1.1.jar:5.1.1]
	at org.elasticsearch.bootstrap.Bootstrap.setup(Bootstrap.java:214) ~[elasticsearch-5.1.1.jar:5.1.1]
	at org.elasticsearch.bootstrap.Bootstrap.init(Bootstrap.java:306) ~[elasticsearch-5.1.1.jar:5.1.1]
	at org.elasticsearch.bootstrap.Elasticsearch.init(Elasticsearch.java:121) ~[elasticsearch-5.1.1.jar:5.1.1]
	... 6 more
[2017-01-21T10:51:04,360][INFO ][o.e.n.Node               ] [hyku] initializing ...
[2017-01-21T10:51:04,465][INFO ][o.e.e.NodeEnvironment    ] [hyku] using [1] data paths, mounts [[/ (/dev/sda1)]], net usable_space [818.4gb], net total_space [909gb], spins? [possibly], types [ext4]
[2017-01-21T10:51:04,466][INFO ][o.e.e.NodeEnvironment    ] [hyku] heap size [1.9gb], compressed ordinary object pointers [true]
[2017-01-21T10:51:04,472][INFO ][o.e.n.Node               ] [hyku] node name [hyku], node ID [RGHIeoulTj6TPoxl8HTTWg]
[2017-01-21T10:51:04,473][INFO ][o.e.n.Node               ] [hyku] version[5.1.1], pid[6341], build[5395e21/2016-12-06T12:36:15.409Z], OS[Linux/4.4.0-34-generic/amd64], JVM[Oracle Corporation/Java HotSpot(TM) 64-Bit Server VM/1.8.0_111/25.111-b14]
[2017-01-21T10:51:04,944][INFO ][o.e.p.PluginsService     ] [hyku] loaded module [aggs-matrix-stats]
[2017-01-21T10:51:04,944][INFO ][o.e.p.PluginsService     ] [hyku] loaded module [ingest-common]
[2017-01-21T10:51:04,944][INFO ][o.e.p.PluginsService     ] [hyku] loaded module [lang-expression]
[2017-01-21T10:51:04,944][INFO ][o.e.p.PluginsService     ] [hyku] loaded module [lang-groovy]
[2017-01-21T10:51:04,944][INFO ][o.e.p.PluginsService     ] [hyku] loaded module [lang-mustache]
[2017-01-21T10:51:04,944][INFO ][o.e.p.PluginsService     ] [hyku] loaded module [lang-painless]
[2017-01-21T10:51:04,944][INFO ][o.e.p.PluginsService     ] [hyku] loaded module [percolator]
[2017-01-21T10:51:04,944][INFO ][o.e.p.PluginsService     ] [hyku] loaded module [reindex]
[2017-01-21T10:51:04,944][INFO ][o.e.p.PluginsService     ] [hyku] loaded module [transport-netty3]
[2017-01-21T10:51:04,944][INFO ][o.e.p.PluginsService     ] [hyku] loaded module [transport-netty4]
[2017-01-21T10:51:04,945][INFO ][o.e.p.PluginsService     ] [hyku] no plugins loaded
[2017-01-21T10:51:05,353][ERROR][o.e.b.Bootstrap          ] Exception
java.lang.IllegalArgumentException: unknown setting [http.jsonp.enable] did you mean [http.cors.enabled]?
	at org.elasticsearch.common.settings.AbstractScopedSettings.validate(AbstractScopedSettings.java:278) ~[elasticsearch-5.1.1.jar:5.1.1]
	at org.elasticsearch.common.settings.AbstractScopedSettings.validate(AbstractScopedSettings.java:246) ~[elasticsearch-5.1.1.jar:5.1.1]
	at org.elasticsearch.common.settings.SettingsModule.<init>(SettingsModule.java:138) ~[elasticsearch-5.1.1.jar:5.1.1]
	at org.elasticsearch.node.Node.<init>(Node.java:325) ~[elasticsearch-5.1.1.jar:5.1.1]
	at org.elasticsearch.node.Node.<init>(Node.java:229) ~[elasticsearch-5.1.1.jar:5.1.1]
	at org.elasticsearch.bootstrap.Bootstrap$6.<init>(Bootstrap.java:214) ~[elasticsearch-5.1.1.jar:5.1.1]
	at org.elasticsearch.bootstrap.Bootstrap.setup(Bootstrap.java:214) ~[elasticsearch-5.1.1.jar:5.1.1]
	at org.elasticsearch.bootstrap.Bootstrap.init(Bootstrap.java:306) [elasticsearch-5.1.1.jar:5.1.1]
	at org.elasticsearch.bootstrap.Elasticsearch.init(Elasticsearch.java:121) [elasticsearch-5.1.1.jar:5.1.1]
	at org.elasticsearch.bootstrap.Elasticsearch.execute(Elasticsearch.java:112) [elasticsearch-5.1.1.jar:5.1.1]
	at org.elasticsearch.cli.SettingCommand.execute(SettingCommand.java:54) [elasticsearch-5.1.1.jar:5.1.1]
	at org.elasticsearch.cli.Command.mainWithoutErrorHandling(Command.java:96) [elasticsearch-5.1.1.jar:5.1.1]
	at org.elasticsearch.cli.Command.main(Command.java:62) [elasticsearch-5.1.1.jar:5.1.1]
	at org.elasticsearch.bootstrap.Elasticsearch.main(Elasticsearch.java:89) [elasticsearch-5.1.1.jar:5.1.1]
	at org.elasticsearch.bootstrap.Elasticsearch.main(Elasticsearch.java:82) [elasticsearch-5.1.1.jar:5.1.1]
[2017-01-21T10:51:05,357][WARN ][o.e.b.ElasticsearchUncaughtExceptionHandler] [hyku] uncaught exception in thread [main]
org.elasticsearch.bootstrap.StartupException: java.lang.IllegalArgumentException: unknown setting [http.jsonp.enable] did you mean [http.cors.enabled]?
	at org.elasticsearch.bootstrap.Elasticsearch.init(Elasticsearch.java:125) ~[elasticsearch-5.1.1.jar:5.1.1]
	at org.elasticsearch.bootstrap.Elasticsearch.execute(Elasticsearch.java:112) ~[elasticsearch-5.1.1.jar:5.1.1]
	at org.elasticsearch.cli.SettingCommand.execute(SettingCommand.java:54) ~[elasticsearch-5.1.1.jar:5.1.1]
	at org.elasticsearch.cli.Command.mainWithoutErrorHandling(Command.java:96) ~[elasticsearch-5.1.1.jar:5.1.1]
	at org.elasticsearch.cli.Command.main(Command.java:62) ~[elasticsearch-5.1.1.jar:5.1.1]
	at org.elasticsearch.bootstrap.Elasticsearch.main(Elasticsearch.java:89) ~[elasticsearch-5.1.1.jar:5.1.1]
	at org.elasticsearch.bootstrap.Elasticsearch.main(Elasticsearch.java:82) ~[elasticsearch-5.1.1.jar:5.1.1]
Caused by: java.lang.IllegalArgumentException: unknown setting [http.jsonp.enable] did you mean [http.cors.enabled]?
	at org.elasticsearch.common.settings.AbstractScopedSettings.validate(AbstractScopedSettings.java:278) ~[elasticsearch-5.1.1.jar:5.1.1]
	at org.elasticsearch.common.settings.AbstractScopedSettings.validate(AbstractScopedSettings.java:246) ~[elasticsearch-5.1.1.jar:5.1.1]
	at org.elasticsearch.common.settings.SettingsModule.<init>(SettingsModule.java:138) ~[elasticsearch-5.1.1.jar:5.1.1]
	at org.elasticsearch.node.Node.<init>(Node.java:325) ~[elasticsearch-5.1.1.jar:5.1.1]
	at org.elasticsearch.node.Node.<init>(Node.java:229) ~[elasticsearch-5.1.1.jar:5.1.1]
	at org.elasticsearch.bootstrap.Bootstrap$6.<init>(Bootstrap.java:214) ~[elasticsearch-5.1.1.jar:5.1.1]
	at org.elasticsearch.bootstrap.Bootstrap.setup(Bootstrap.java:214) ~[elasticsearch-5.1.1.jar:5.1.1]
	at org.elasticsearch.bootstrap.Bootstrap.init(Bootstrap.java:306) ~[elasticsearch-5.1.1.jar:5.1.1]
	at org.elasticsearch.bootstrap.Elasticsearch.init(Elasticsearch.java:121) ~[elasticsearch-5.1.1.jar:5.1.1]
	... 6 more
[2017-01-21T10:51:39,375][INFO ][o.e.n.Node               ] [hyku] initializing ...
[2017-01-21T10:51:39,484][INFO ][o.e.e.NodeEnvironment    ] [hyku] using [1] data paths, mounts [[/ (/dev/sda1)]], net usable_space [818.4gb], net total_space [909gb], spins? [possibly], types [ext4]
[2017-01-21T10:51:39,484][INFO ][o.e.e.NodeEnvironment    ] [hyku] heap size [1.9gb], compressed ordinary object pointers [true]
[2017-01-21T10:51:39,490][INFO ][o.e.n.Node               ] [hyku] node name [hyku], node ID [RGHIeoulTj6TPoxl8HTTWg]
[2017-01-21T10:51:39,492][INFO ][o.e.n.Node               ] [hyku] version[5.1.1], pid[6420], build[5395e21/2016-12-06T12:36:15.409Z], OS[Linux/4.4.0-34-generic/amd64], JVM[Oracle Corporation/Java HotSpot(TM) 64-Bit Server VM/1.8.0_111/25.111-b14]
[2017-01-21T10:51:39,949][INFO ][o.e.p.PluginsService     ] [hyku] loaded module [aggs-matrix-stats]
[2017-01-21T10:51:39,949][INFO ][o.e.p.PluginsService     ] [hyku] loaded module [ingest-common]
[2017-01-21T10:51:39,949][INFO ][o.e.p.PluginsService     ] [hyku] loaded module [lang-expression]
[2017-01-21T10:51:39,949][INFO ][o.e.p.PluginsService     ] [hyku] loaded module [lang-groovy]
[2017-01-21T10:51:39,949][INFO ][o.e.p.PluginsService     ] [hyku] loaded module [lang-mustache]
[2017-01-21T10:51:39,949][INFO ][o.e.p.PluginsService     ] [hyku] loaded module [lang-painless]
[2017-01-21T10:51:39,950][INFO ][o.e.p.PluginsService     ] [hyku] loaded module [percolator]
[2017-01-21T10:51:39,950][INFO ][o.e.p.PluginsService     ] [hyku] loaded module [reindex]
[2017-01-21T10:51:39,950][INFO ][o.e.p.PluginsService     ] [hyku] loaded module [transport-netty3]
[2017-01-21T10:51:39,950][INFO ][o.e.p.PluginsService     ] [hyku] loaded module [transport-netty4]
[2017-01-21T10:51:39,950][INFO ][o.e.p.PluginsService     ] [hyku] no plugins loaded
[2017-01-21T10:51:41,549][INFO ][o.e.n.Node               ] [hyku] initialized
[2017-01-21T10:51:41,549][INFO ][o.e.n.Node               ] [hyku] starting ...
[2017-01-21T10:51:41,719][INFO ][o.e.t.TransportService   ] [hyku] publish_address {10.70.108.96:9300}, bound_addresses {[::]:9300}
[2017-01-21T10:51:41,722][INFO ][o.e.b.BootstrapCheck     ] [hyku] bound or publishing to a non-loopback or non-link-local address, enforcing bootstrap checks
[2017-01-21T10:51:44,777][INFO ][o.e.c.s.ClusterService   ] [hyku] new_master {hyku}{RGHIeoulTj6TPoxl8HTTWg}{wMIAUlfkT76qwzm4u9ycMg}{10.70.108.96}{10.70.108.96:9300}, reason: zen-disco-elected-as-master ([0] nodes joined)
[2017-01-21T10:51:44,808][INFO ][o.e.h.HttpServer         ] [hyku] publish_address {10.70.108.96:9200}, bound_addresses {[::]:9200}
[2017-01-21T10:51:44,808][INFO ][o.e.n.Node               ] [hyku] started
[2017-01-21T10:51:45,261][INFO ][o.e.g.GatewayService     ] [hyku] recovered [2] indices into cluster_state
[2017-01-21T10:51:46,778][INFO ][o.e.c.r.a.AllocationService] [hyku] Cluster health status changed from [RED] to [YELLOW] (reason: [shards started [[fish-test-2017-01-13][0]] ...]).
[2017-01-21T11:20:03,082][INFO ][o.e.c.m.MetaDataCreateIndexService] [hyku] [fish-test-2017-01-21] creating index, cause [auto(bulk api)], templates [], shards [5]/[1], mappings []
[2017-01-21T11:20:04,185][INFO ][o.e.c.m.MetaDataMappingService] [hyku] [fish-test-2017-01-21/nTjMhhnZT4G6en404jrP6w] create_mapping [fish-yyyy-MM-dd]
[2017-01-21T11:55:30,075][INFO ][o.e.c.m.MetaDataMappingService] [hyku] [fish-test-2017-01-21/nTjMhhnZT4G6en404jrP6w] update_mapping [fish-yyyy-MM-dd]
[2017-01-21T12:00:41,432][INFO ][o.e.n.Node               ] [hyku] stopping ...
[2017-01-21T12:00:41,511][INFO ][o.e.n.Node               ] [hyku] stopped
[2017-01-21T12:00:41,512][INFO ][o.e.n.Node               ] [hyku] closing ...
[2017-01-21T12:00:41,520][INFO ][o.e.n.Node               ] [hyku] closed
