[2017-01-11T10:15:02,691][INFO ][o.e.c.m.MetaDataCreateIndexService] [hyku] [fish-test-2017-01-11] creating index, cause [auto(bulk api)], templates [], shards [5]/[1], mappings []
[2017-01-11T10:15:08,584][INFO ][o.e.c.m.MetaDataMappingService] [hyku] [fish-test-2017-01-11/obTnNrXsROuBaq6cgbQahA] create_mapping [fish-yyyy-MM-dd]
[2017-01-11T10:18:32,305][INFO ][o.e.n.Node               ] [hyku] stopping ...
[2017-01-11T10:18:34,457][INFO ][o.e.n.Node               ] [hyku] stopped
[2017-01-11T10:18:34,457][INFO ][o.e.n.Node               ] [hyku] closing ...
[2017-01-11T10:18:35,128][INFO ][o.e.n.Node               ] [hyku] closed
[2017-01-11T10:20:47,736][INFO ][o.e.n.Node               ] [hyku] initializing ...
[2017-01-11T10:20:51,039][INFO ][o.e.e.NodeEnvironment    ] [hyku] using [1] data paths, mounts [[/ (/dev/sda1)]], net usable_space [819.8gb], net total_space [909gb], spins? [possibly], types [ext4]
[2017-01-11T10:20:51,039][INFO ][o.e.e.NodeEnvironment    ] [hyku] heap size [1.9gb], compressed ordinary object pointers [true]
[2017-01-11T10:20:52,205][INFO ][o.e.n.Node               ] [hyku] node name [hyku], node ID [1XpL7Mh-RuCaUY_Yy02xTg]
[2017-01-11T10:20:52,382][INFO ][o.e.n.Node               ] [hyku] version[5.1.1], pid[26657], build[5395e21/2016-12-06T12:36:15.409Z], OS[Linux/4.4.0-34-generic/amd64], JVM[Oracle Corporation/Java HotSpot(TM) 64-Bit Server VM/1.8.0_111/25.111-b14]
[2017-01-11T10:20:59,002][INFO ][o.e.p.PluginsService     ] [hyku] loaded module [aggs-matrix-stats]
[2017-01-11T10:20:59,002][INFO ][o.e.p.PluginsService     ] [hyku] loaded module [ingest-common]
[2017-01-11T10:20:59,002][INFO ][o.e.p.PluginsService     ] [hyku] loaded module [lang-expression]
[2017-01-11T10:20:59,002][INFO ][o.e.p.PluginsService     ] [hyku] loaded module [lang-groovy]
[2017-01-11T10:20:59,003][INFO ][o.e.p.PluginsService     ] [hyku] loaded module [lang-mustache]
[2017-01-11T10:20:59,003][INFO ][o.e.p.PluginsService     ] [hyku] loaded module [lang-painless]
[2017-01-11T10:20:59,003][INFO ][o.e.p.PluginsService     ] [hyku] loaded module [percolator]
[2017-01-11T10:20:59,003][INFO ][o.e.p.PluginsService     ] [hyku] loaded module [reindex]
[2017-01-11T10:20:59,003][INFO ][o.e.p.PluginsService     ] [hyku] loaded module [transport-netty3]
[2017-01-11T10:20:59,003][INFO ][o.e.p.PluginsService     ] [hyku] loaded module [transport-netty4]
[2017-01-11T10:20:59,003][INFO ][o.e.p.PluginsService     ] [hyku] no plugins loaded
[2017-01-11T10:21:45,500][INFO ][o.e.n.Node               ] [hyku] initialized
[2017-01-11T10:21:45,501][INFO ][o.e.n.Node               ] [hyku] starting ...
[2017-01-11T10:21:52,881][INFO ][o.e.t.TransportService   ] [hyku] publish_address {10.70.108.96:9300}, bound_addresses {[::]:9300}
[2017-01-11T10:21:54,578][INFO ][o.e.b.BootstrapCheck     ] [hyku] bound or publishing to a non-loopback or non-link-local address, enforcing bootstrap checks
[2017-01-11T10:22:06,438][WARN ][o.e.d.z.UnicastZenPing   ] [hyku] [1] failed send ping to {#zen_unicast_1#}{XPE3gQjkRg-wGcKmmgrFcQ}{127.0.0.1}{127.0.0.1:9300}
java.lang.IllegalStateException: handshake failed with {#zen_unicast_1#}{XPE3gQjkRg-wGcKmmgrFcQ}{127.0.0.1}{127.0.0.1:9300}
	at org.elasticsearch.transport.TransportService.handshake(TransportService.java:370) ~[elasticsearch-5.1.1.jar:5.1.1]
	at org.elasticsearch.transport.TransportService.connectToNodeLightAndHandshake(TransportService.java:345) ~[elasticsearch-5.1.1.jar:5.1.1]
	at org.elasticsearch.transport.TransportService.connectToNodeLightAndHandshake(TransportService.java:319) ~[elasticsearch-5.1.1.jar:5.1.1]
	at org.elasticsearch.discovery.zen.UnicastZenPing$2.run(UnicastZenPing.java:473) [elasticsearch-5.1.1.jar:5.1.1]
	at org.elasticsearch.common.util.concurrent.ThreadContext$ContextPreservingRunnable.run(ThreadContext.java:458) [elasticsearch-5.1.1.jar:5.1.1]
	at java.util.concurrent.ThreadPoolExecutor.runWorker(ThreadPoolExecutor.java:1142) [?:1.8.0_111]
	at java.util.concurrent.ThreadPoolExecutor$Worker.run(ThreadPoolExecutor.java:617) [?:1.8.0_111]
	at java.lang.Thread.run(Thread.java:745) [?:1.8.0_111]
Caused by: org.elasticsearch.transport.ReceiveTimeoutTransportException: [][127.0.0.1:9300][internal:transport/handshake] request_id [1] timed out after [3275ms]
	at org.elasticsearch.transport.TransportService$TimeoutHandler.run(TransportService.java:869) ~[elasticsearch-5.1.1.jar:5.1.1]
	... 4 more
[2017-01-11T10:22:08,062][INFO ][o.e.c.s.ClusterService   ] [hyku] new_master {hyku}{1XpL7Mh-RuCaUY_Yy02xTg}{gxrk571vSjee57cdzBSZbA}{10.70.108.96}{10.70.108.96:9300}, reason: zen-disco-elected-as-master ([0] nodes joined)
[2017-01-11T10:22:08,616][INFO ][o.e.h.HttpServer         ] [hyku] publish_address {10.70.108.96:9200}, bound_addresses {[::]:9200}
[2017-01-11T10:22:08,616][INFO ][o.e.n.Node               ] [hyku] started
[2017-01-11T10:22:16,107][INFO ][o.e.g.GatewayService     ] [hyku] recovered [3] indices into cluster_state
[2017-01-11T10:22:23,506][INFO ][o.e.c.r.a.AllocationService] [hyku] Cluster health status changed from [RED] to [YELLOW] (reason: [shards started [[fish-test-2017-01-10][2], [fish-test-2017-01-10][3], [fish-test-2017-01-10][1]] ...]).
[2017-01-11T11:24:24,527][WARN ][o.e.h.n.Netty4HttpServerTransport] [hyku] caught exception while handling client http traffic, closing connection [id: 0x0f317bf9, L:/127.0.0.1:9200 - R:/127.0.0.1:52958]
java.io.IOException: 连接被对方重设
	at sun.nio.ch.FileDispatcherImpl.read0(Native Method) ~[?:?]
	at sun.nio.ch.SocketDispatcher.read(SocketDispatcher.java:39) ~[?:?]
	at sun.nio.ch.IOUtil.readIntoNativeBuffer(IOUtil.java:223) ~[?:?]
	at sun.nio.ch.IOUtil.read(IOUtil.java:197) ~[?:?]
	at sun.nio.ch.SocketChannelImpl.read(SocketChannelImpl.java:380) ~[?:?]
	at io.netty.buffer.PooledHeapByteBuf.setBytes(PooledHeapByteBuf.java:261) ~[netty-buffer-4.1.6.Final.jar:4.1.6.Final]
	at io.netty.buffer.AbstractByteBuf.writeBytes(AbstractByteBuf.java:1100) ~[netty-buffer-4.1.6.Final.jar:4.1.6.Final]
	at io.netty.channel.socket.nio.NioSocketChannel.doReadBytes(NioSocketChannel.java:366) ~[netty-transport-4.1.6.Final.jar:4.1.6.Final]
	at io.netty.channel.nio.AbstractNioByteChannel$NioByteUnsafe.read(AbstractNioByteChannel.java:118) [netty-transport-4.1.6.Final.jar:4.1.6.Final]
	at io.netty.channel.nio.NioEventLoop.processSelectedKey(NioEventLoop.java:651) [netty-transport-4.1.6.Final.jar:4.1.6.Final]
	at io.netty.channel.nio.NioEventLoop.processSelectedKeysPlain(NioEventLoop.java:536) [netty-transport-4.1.6.Final.jar:4.1.6.Final]
	at io.netty.channel.nio.NioEventLoop.processSelectedKeys(NioEventLoop.java:490) [netty-transport-4.1.6.Final.jar:4.1.6.Final]
	at io.netty.channel.nio.NioEventLoop.run(NioEventLoop.java:450) [netty-transport-4.1.6.Final.jar:4.1.6.Final]
	at io.netty.util.concurrent.SingleThreadEventExecutor$5.run(SingleThreadEventExecutor.java:873) [netty-common-4.1.6.Final.jar:4.1.6.Final]
	at java.lang.Thread.run(Thread.java:745) [?:1.8.0_111]
[2017-01-11T11:49:42,327][INFO ][o.e.m.j.JvmGcMonitorService] [hyku] [gc][5264] overhead, spent [634ms] collecting in the last [1.5s]
[2017-01-11T12:35:06,106][INFO ][o.e.m.j.JvmGcMonitorService] [hyku] [gc][7984] overhead, spent [507ms] collecting in the last [1.4s]
[2017-01-11T15:54:47,564][INFO ][o.e.m.j.JvmGcMonitorService] [hyku] [gc][19960] overhead, spent [570ms] collecting in the last [1.5s]
[2017-01-11T16:35:34,396][WARN ][o.e.h.n.Netty4HttpServerTransport] [hyku] caught exception while handling client http traffic, closing connection [id: 0x92e3e9c5, L:/127.0.0.1:9200 - R:/127.0.0.1:56386]
java.io.IOException: 连接被对方重设
	at sun.nio.ch.FileDispatcherImpl.read0(Native Method) ~[?:?]
	at sun.nio.ch.SocketDispatcher.read(SocketDispatcher.java:39) ~[?:?]
	at sun.nio.ch.IOUtil.readIntoNativeBuffer(IOUtil.java:223) ~[?:?]
	at sun.nio.ch.IOUtil.read(IOUtil.java:197) ~[?:?]
	at sun.nio.ch.SocketChannelImpl.read(SocketChannelImpl.java:380) ~[?:?]
	at io.netty.buffer.PooledHeapByteBuf.setBytes(PooledHeapByteBuf.java:261) ~[netty-buffer-4.1.6.Final.jar:4.1.6.Final]
	at io.netty.buffer.AbstractByteBuf.writeBytes(AbstractByteBuf.java:1100) ~[netty-buffer-4.1.6.Final.jar:4.1.6.Final]
	at io.netty.channel.socket.nio.NioSocketChannel.doReadBytes(NioSocketChannel.java:366) ~[netty-transport-4.1.6.Final.jar:4.1.6.Final]
	at io.netty.channel.nio.AbstractNioByteChannel$NioByteUnsafe.read(AbstractNioByteChannel.java:118) [netty-transport-4.1.6.Final.jar:4.1.6.Final]
	at io.netty.channel.nio.NioEventLoop.processSelectedKey(NioEventLoop.java:651) [netty-transport-4.1.6.Final.jar:4.1.6.Final]
	at io.netty.channel.nio.NioEventLoop.processSelectedKeysPlain(NioEventLoop.java:536) [netty-transport-4.1.6.Final.jar:4.1.6.Final]
	at io.netty.channel.nio.NioEventLoop.processSelectedKeys(NioEventLoop.java:490) [netty-transport-4.1.6.Final.jar:4.1.6.Final]
	at io.netty.channel.nio.NioEventLoop.run(NioEventLoop.java:450) [netty-transport-4.1.6.Final.jar:4.1.6.Final]
	at io.netty.util.concurrent.SingleThreadEventExecutor$5.run(SingleThreadEventExecutor.java:873) [netty-common-4.1.6.Final.jar:4.1.6.Final]
	at java.lang.Thread.run(Thread.java:745) [?:1.8.0_111]
[2017-01-11T16:44:34,819][WARN ][o.e.h.n.Netty4HttpServerTransport] [hyku] caught exception while handling client http traffic, closing connection [id: 0x133f0931, L:/127.0.0.1:9200 - R:/127.0.0.1:40608]
java.io.IOException: 连接被对方重设
	at sun.nio.ch.FileDispatcherImpl.read0(Native Method) ~[?:?]
	at sun.nio.ch.SocketDispatcher.read(SocketDispatcher.java:39) ~[?:?]
	at sun.nio.ch.IOUtil.readIntoNativeBuffer(IOUtil.java:223) ~[?:?]
	at sun.nio.ch.IOUtil.read(IOUtil.java:197) ~[?:?]
	at sun.nio.ch.SocketChannelImpl.read(SocketChannelImpl.java:380) ~[?:?]
	at io.netty.buffer.PooledHeapByteBuf.setBytes(PooledHeapByteBuf.java:261) ~[netty-buffer-4.1.6.Final.jar:4.1.6.Final]
	at io.netty.buffer.AbstractByteBuf.writeBytes(AbstractByteBuf.java:1100) ~[netty-buffer-4.1.6.Final.jar:4.1.6.Final]
	at io.netty.channel.socket.nio.NioSocketChannel.doReadBytes(NioSocketChannel.java:366) ~[netty-transport-4.1.6.Final.jar:4.1.6.Final]
	at io.netty.channel.nio.AbstractNioByteChannel$NioByteUnsafe.read(AbstractNioByteChannel.java:118) [netty-transport-4.1.6.Final.jar:4.1.6.Final]
	at io.netty.channel.nio.NioEventLoop.processSelectedKey(NioEventLoop.java:651) [netty-transport-4.1.6.Final.jar:4.1.6.Final]
	at io.netty.channel.nio.NioEventLoop.processSelectedKeysPlain(NioEventLoop.java:536) [netty-transport-4.1.6.Final.jar:4.1.6.Final]
	at io.netty.channel.nio.NioEventLoop.processSelectedKeys(NioEventLoop.java:490) [netty-transport-4.1.6.Final.jar:4.1.6.Final]
	at io.netty.channel.nio.NioEventLoop.run(NioEventLoop.java:450) [netty-transport-4.1.6.Final.jar:4.1.6.Final]
	at io.netty.util.concurrent.SingleThreadEventExecutor$5.run(SingleThreadEventExecutor.java:873) [netty-common-4.1.6.Final.jar:4.1.6.Final]
	at java.lang.Thread.run(Thread.java:745) [?:1.8.0_111]
[2017-01-11T16:54:06,321][WARN ][o.e.m.j.JvmGcMonitorService] [hyku] [gc][young][23391][13] duration [5.1s], collections [1]/[5.7s], total [5.1s]/[7.7s], memory [435mb]->[166.7mb]/[1.9gb], all_pools {[young] [266mb]->[434.4kb]/[266.2mb]}{[survivor] [6.5mb]->[3.9mb]/[33.2mb]}{[old] [162.4mb]->[162.5mb]/[1.6gb]}
[2017-01-11T16:54:06,388][WARN ][o.e.m.j.JvmGcMonitorService] [hyku] [gc][23391] overhead, spent [5.1s] collecting in the last [5.7s]
[2017-01-11T17:01:52,889][INFO ][o.e.n.Node               ] [hyku] initializing ...
[2017-01-11T17:01:53,124][INFO ][o.e.e.NodeEnvironment    ] [hyku] using [1] data paths, mounts [[/ (/dev/sda1)]], net usable_space [818gb], net total_space [909gb], spins? [possibly], types [ext4]
[2017-01-11T17:01:53,124][INFO ][o.e.e.NodeEnvironment    ] [hyku] heap size [1.9gb], compressed ordinary object pointers [true]
[2017-01-11T17:01:53,315][INFO ][o.e.n.Node               ] [hyku] node name [hyku], node ID [1XpL7Mh-RuCaUY_Yy02xTg]
[2017-01-11T17:01:53,317][INFO ][o.e.n.Node               ] [hyku] version[5.1.1], pid[3305], build[5395e21/2016-12-06T12:36:15.409Z], OS[Linux/4.4.0-34-generic/amd64], JVM[Oracle Corporation/Java HotSpot(TM) 64-Bit Server VM/1.8.0_111/25.111-b14]
[2017-01-11T17:01:54,361][INFO ][o.e.p.PluginsService     ] [hyku] loaded module [aggs-matrix-stats]
[2017-01-11T17:01:54,361][INFO ][o.e.p.PluginsService     ] [hyku] loaded module [ingest-common]
[2017-01-11T17:01:54,361][INFO ][o.e.p.PluginsService     ] [hyku] loaded module [lang-expression]
[2017-01-11T17:01:54,361][INFO ][o.e.p.PluginsService     ] [hyku] loaded module [lang-groovy]
[2017-01-11T17:01:54,361][INFO ][o.e.p.PluginsService     ] [hyku] loaded module [lang-mustache]
[2017-01-11T17:01:54,361][INFO ][o.e.p.PluginsService     ] [hyku] loaded module [lang-painless]
[2017-01-11T17:01:54,362][INFO ][o.e.p.PluginsService     ] [hyku] loaded module [percolator]
[2017-01-11T17:01:54,362][INFO ][o.e.p.PluginsService     ] [hyku] loaded module [reindex]
[2017-01-11T17:01:54,362][INFO ][o.e.p.PluginsService     ] [hyku] loaded module [transport-netty3]
[2017-01-11T17:01:54,362][INFO ][o.e.p.PluginsService     ] [hyku] loaded module [transport-netty4]
[2017-01-11T17:01:54,362][INFO ][o.e.p.PluginsService     ] [hyku] no plugins loaded
[2017-01-11T17:01:56,425][INFO ][o.e.n.Node               ] [hyku] initialized
[2017-01-11T17:01:56,425][INFO ][o.e.n.Node               ] [hyku] starting ...
[2017-01-11T17:01:56,558][INFO ][o.e.t.TransportService   ] [hyku] publish_address {10.70.108.96:9300}, bound_addresses {[::]:9300}
[2017-01-11T17:01:56,561][INFO ][o.e.b.BootstrapCheck     ] [hyku] bound or publishing to a non-loopback or non-link-local address, enforcing bootstrap checks
[2017-01-11T17:01:59,645][INFO ][o.e.c.s.ClusterService   ] [hyku] new_master {hyku}{1XpL7Mh-RuCaUY_Yy02xTg}{fHCSmegwT1GidbqSlItrzA}{10.70.108.96}{10.70.108.96:9300}, reason: zen-disco-elected-as-master ([0] nodes joined)
[2017-01-11T17:01:59,684][INFO ][o.e.h.HttpServer         ] [hyku] publish_address {10.70.108.96:9200}, bound_addresses {[::]:9200}
[2017-01-11T17:01:59,684][INFO ][o.e.n.Node               ] [hyku] started
[2017-01-11T17:02:00,201][INFO ][o.e.g.GatewayService     ] [hyku] recovered [3] indices into cluster_state
[2017-01-11T17:02:03,101][INFO ][o.e.c.r.a.AllocationService] [hyku] Cluster health status changed from [RED] to [YELLOW] (reason: [shards started [[fish-test-2017-01-10][3]] ...]).
